build/app/outputs/mapping/release/usage.txt
com.example.cryptobase.R$string
com.example.cryptobase.R$layout
com.example.cryptobase.R$dimen
com.example.cryptobase.BuildConfig
com.example.cryptobase.R$mipmap
com.example.cryptobase.R$attr
com.example.cryptobase.R$styleable
com.example.cryptobase.R
com.example.cryptobase.R$integer
com.example.cryptobase.R$color
com.example.cryptobase.R$drawable
com.example.cryptobase.R$style
com.example.cryptobase.R$id
...
androidx.core.content.pm.ShortcutManagerCompat
androidx.lifecycle.LifecycleRegistry:
    private androidx.lifecycle.Lifecycle$State calculateTargetState(androidx.lifecycle.LifecycleObserver)
    public void markState(androidx.lifecycle.Lifecycle$State)
    public void setCurrentState(androidx.lifecycle.Lifecycle$State)
    public void addObserver(androidx.lifecycle.LifecycleObserver)
    public int getObserverCount()
io.flutter.embedding.engine.systemchannels.KeyEventChannel$FlutterKeyEvent:
    public void <init>(android.view.KeyEvent)
androidx.fragment.app.FragmentManagerImpl$OpGenerator
kotlin.reflect.KMutableProperty1$Setter
androidx.core.widget.ScrollerCompat
kotlin.coroutines.experimental.migration.ExperimentalSuspendFunction0Migration
androidx.fragment.app.FragmentHostCallback
androidx.core.provider.FontsContractCompat$4$7
kotlin.text.MatchResult$Destructured
androidx.fragment.app.FragmentTransaction
androidx.core.app.AppComponentFactory
androidx.core.view.TintableBackgroundView
kotlin.sequences.FilteringSequence
androidx.core.app.NotificationCompatExtras
kotlin.collections.CollectionsKt__IterablesKt$Iterable$1
androidx.core.app.ActivityCompat$RequestPermissionsRequestCodeValidator
androidx.lifecycle.ViewModelProvider$Factory
androidx.core.R$attr
androidx.annotation.ColorRes
androidx.core.content.res.GrowingArrayUtils
kotlin.contracts.InvocationKind
kotlin.jvm.internal.ArrayIterator
io.flutter.embedding.engine.FlutterEngineConnectionRegistry$FlutterEngineActivityPluginBinding:
    public android.app.Activity getActivity()
    public java.lang.Object getLifecycle()
    public void addRequestPermissionsResultListener(io.flutter.plugin.common.PluginRegistry$RequestPermissionsResultListener)
    public void removeRequestPermissionsResultListener(io.flutter.plugin.common.PluginRegistry$RequestPermissionsResultListener)
    public void addActivityResultListener(io.flutter.plugin.common.PluginRegistry$ActivityResultListener)
    public void removeActivityResultListener(io.flutter.plugin.common.PluginRegistry$ActivityResultListener)
    public void addOnNewIntentListener(io.flutter.plugin.common.PluginRegistry$NewIntentListener)
    public void removeOnNewIntentListener(io.flutter.plugin.common.PluginRegistry$NewIntentListener)
    public void addOnUserLeaveHintListener(io.flutter.plugin.common.PluginRegistry$UserLeaveHintListener)
    public void removeOnUserLeaveHintListener(io.flutter.plugin.common.PluginRegistry$UserLeaveHintListener)
    public void addOnSaveStateListener(io.flutter.embedding.engine.plugins.activity.ActivityPluginBinding$OnSaveInstanceStateListener)
    public void removeOnSaveStateListener(io.flutter.embedding.engine.plugins.activity.ActivityPluginBinding$OnSaveInstanceStateListener)
kotlin.io.CloseableKt
androidx.annotation.IdRes
kotlin.jvm.functions.Function10
androidx.customview.widget.FocusStrategy$SequentialComparator
io.flutter.view.FlutterView$3
androidx.core.view.accessibility.AccessibilityNodeProviderCompat$AccessibilityNodeProviderApi19
kotlin.time.MeasureTimeKt
kotlin.collections.CollectionsKt___CollectionsKt$elementAt$1
androidx.viewpager.widget.PagerAdapter
androidx.core.view.ViewCompat$5
kotlin.collections.ArrayAsCollection
androidx.core.text.ICUCompat
androidx.fragment.app.FragmentManagerImpl$3$1
androidx.core.os.ParcelableCompatCreatorCallbacks
kotlin.properties.Delegates$vetoable$1
androidx.core.provider.FontsContractCompat$1
androidx.core.util.Pair
io.flutter.view.FlutterView$ZeroSides
androidx.collection.CircularIntArray
kotlin.collections.AbstractSet$Companion
kotlin.internal.Exact
kotlin.jvm.internal.TypeIntrinsics
io.flutter.embedding.engine.loader.FlutterApplicationInfo:
    private static final java.lang.String DEFAULT_AOT_SHARED_LIBRARY_NAME
    private static final java.lang.String DEFAULT_VM_SNAPSHOT_DATA
    private static final java.lang.String DEFAULT_ISOLATE_SNAPSHOT_DATA
    private static final java.lang.String DEFAULT_FLUTTER_ASSETS_DIR